<?xml version="1.0" encoding="UTF-8"?>
<!-- Generated by org.testng.reporters.JUnitReportReporter -->
<testsuite hostname="IN-BRM9WP3" failures="0" tests="1" name="com.flipkart.tests.SellerRegisterPageTest" time="13.445" errors="0" timestamp="2024-06-14T12:57:40 IST" skipped="0">
  <testcase classname="com.flipkart.tests.SellerRegisterPageTest" name="testInvalidOtpFunctionality" time="13.445"/>
</testsuite> <!-- com.flipkart.tests.SellerRegisterPageTest -->
