<?xml version="1.0" encoding="UTF-8"?>
<!-- Generated by org.testng.reporters.JUnitReportReporter -->
<testsuite hostname="IN-BRM9WP3" failures="0" tests="2" name="com.flipkart.tests.HelpPageTest" time="19.288" errors="0" timestamp="2024-06-14T12:57:40 IST" skipped="0">
  <testcase classname="com.flipkart.tests.HelpPageTest" name="testHelpPageFeedbackYesBtnFunctionality" time="9.036"/>
  <testcase classname="com.flipkart.tests.HelpPageTest" name="testHelpPageFeedbackNoBtnFunctionality" time="10.252"/>
</testsuite> <!-- com.flipkart.tests.HelpPageTest -->
