<?xml version="1.0" encoding="UTF-8"?>
<!-- Generated by org.testng.reporters.JUnitReportReporter -->
<testsuite hostname="IN-BRM9WP3" failures="0" tests="4" name="com.flipkart.tests.SellerTest" time="34.932" errors="0" timestamp="2024-06-14T12:57:40 IST" skipped="0">
  <testcase classname="com.flipkart.tests.SellerTest" name="testSellerBtnPresence" time="5.949"/>
  <testcase classname="com.flipkart.tests.SellerTest" name="testSellerLoginFunctionality" time="9.507"/>
  <testcase classname="com.flipkart.tests.SellerTest" name="testSellerResetPasswordFunctionality" time="10.348"/>
  <testcase classname="com.flipkart.tests.SellerTest" name="testStartSellingBtnPresence" time="9.128"/>
</testsuite> <!-- com.flipkart.tests.SellerTest -->
