<?xml version="1.0" encoding="UTF-8"?>
<!-- Generated by org.testng.reporters.JUnitReportReporter -->
<testsuite hostname="IN-BRM9WP3" failures="0" tests="3" name="com.flipkart.tests.HomeTest" time="31.401" errors="0" timestamp="2024-06-14T12:57:40 IST" skipped="0">
  <testcase classname="com.flipkart.tests.HomeTest" name="testFlipkartLogoVisibility" time="7.143"/>
  <testcase classname="com.flipkart.tests.HomeTest" name="testSearchBarFunctionality" time="8.389"/>
  <testcase classname="com.flipkart.tests.HomeTest" name="testSearchWithMisspelledQueries" time="15.869"/>
</testsuite> <!-- com.flipkart.tests.HomeTest -->
