<?xml version="1.0" encoding="UTF-8"?>
<!-- Generated by org.testng.reporters.JUnitReportReporter -->
<testsuite hostname="IN-BRM9WP3" failures="0" tests="1" name="com.flipkart.tests.AdvertisePageTest" time="12.671" errors="0" timestamp="2024-06-14T12:57:40 IST" skipped="0">
  <testcase classname="com.flipkart.tests.AdvertisePageTest" name="testInvalidLoginFunctionalityonAdsPage" time="12.671"/>
</testsuite> <!-- com.flipkart.tests.AdvertisePageTest -->
